<?xml version="1.0" encoding="UTF-8"?>
<testsuite xmlns:xsi="http://www.w3.org/2001/XMLSchema-instance" xsi:noNamespaceSchemaLocation="https://maven.apache.org/surefire/maven-surefire-plugin/xsd/surefire-test-report-3.0.xsd" version="3.0" name="com.taskmanager.api.controller.TaskControllerTest" time="0.894" tests="16" errors="0" skipped="0" failures="0">
  <properties>
[...]
</properties>
  <testcase name="deleteTask_taskNoLongerRetrievable_afterDeletion" classname="com.taskmanager.api.controller.TaskControllerTest" time="0.309">
    <system-out><![CDATA[19:28:24.086 [main] INFO org.springframework.test.context.support.AnnotationConfigContextLoaderUtils -- Could not detect default configuration classes for test class [com.taskmanager.api.controller.TaskControllerTest]: TaskControllerTest does not declare any static, non-private, non-final, nested classes annotated with @Configuration.
19:28:24.127 [main] INFO org.springframework.boot.test.context.SpringBootTestContextBootstrapper -- Found @SpringBootConfiguration com.taskmanager.api.TaskManagerApiApplication for test class com.taskmanager.api.controller.TaskControllerTest

  .   ____          _            __ _ _
 /\\ / ___'_ __ _ _(_)_ __  __ _ \ \ \ \
( ( )\___ | '_ | '_| | '_ \/ _` | \ \ \ \
 \\/  ___)| |_)| | | | | || (_| |  ) ) ) )
  '  |____| .__|_| |_|_| |_\__, | / / / /
 =========|_|==============|___/=/_/_/_/
 :: Spring Boot ::                (v3.2.5)

2026-05-12T19:28:24.241+02:00  INFO 80615 --- [task-manager-api] [           main] c.t.api.controller.TaskControllerTest    : Starting TaskControllerTest using Java 25.0.1 with PID 80615 (started by ally in /Users/ally/projects/task-manager-api)
2026-05-12T19:28:24.242+02:00  INFO 80615 --- [task-manager-api] [           main] c.t.api.controller.TaskControllerTest    : No active profile set, falling back to 1 default profile: "default"
2026-05-12T19:28:24.560+02:00  INFO 80615 --- [task-manager-api] [           main] o.s.b.t.m.w.SpringBootMockServletContext : Initializing Spring TestDispatcherServlet ''
2026-05-12T19:28:24.560+02:00  INFO 80615 --- [task-manager-api] [           main] o.s.t.web.servlet.TestDispatcherServlet  : Initializing Servlet ''
2026-05-12T19:28:24.560+02:00  INFO 80615 --- [task-manager-api] [           main] o.s.t.web.servlet.TestDispatcherServlet  : Completed initialization in 0 ms
2026-05-12T19:28:24.567+02:00  INFO 80615 --- [task-manager-api] [           main] c.t.api.controller.TaskControllerTest    : Started TaskControllerTest in 0.398 seconds (process running for 0.695)
2026-05-12T19:28:24.869+02:00  INFO 80615 --- [task-manager-api] [           main] c.t.api.controller.TaskController        : POST /tasks - creating task with title: Temporary task
2026-05-12T19:28:24.869+02:00  INFO 80615 --- [task-manager-api] [           main] c.t.api.controller.TaskController        : Task created successfully with id: 1
2026-05-12T19:28:24.877+02:00  INFO 80615 --- [task-manager-api] [           main] c.t.api.controller.TaskController        : DELETE /tasks/1 - deleting task
2026-05-12T19:28:24.877+02:00  INFO 80615 --- [task-manager-api] [           main] c.t.api.controller.TaskController        : Task 1 deleted successfully
2026-05-12T19:28:24.878+02:00  INFO 80615 --- [task-manager-api] [           main] c.t.api.controller.TaskController        : GET /tasks/1 - retrieving task by id
2026-05-12T19:28:24.879+02:00 ERROR 80615 --- [task-manager-api] [           main] c.t.api.controller.TaskController        : Task not found with id: 1
]]></system-out>
    <system-err><![CDATA[WARNING: A Java agent has been loaded dynamically (/Users/ally/.m2/repository/net/bytebuddy/byte-buddy-agent/1.14.13/byte-buddy-agent-1.14.13.jar)
WARNING: If a serviceability tool is in use, please run with -XX:+EnableDynamicAgentLoading to hide this warning
WARNING: If a serviceability tool is not in use, please run with -Djdk.instrument.traceUsage for more information
WARNING: Dynamic loading of agents will be disallowed by default in a future release
]]></system-err>
  </testcase>
  <testcase name="getTaskById_returns200AndTask_whenFound" classname="com.taskmanager.api.controller.TaskControllerTest" time="0.012">
    <system-out><![CDATA[2026-05-12T19:28:24.883+02:00  INFO 80615 --- [task-manager-api] [           main] c.t.api.controller.TaskController        : POST /tasks - creating task with title: Read a book
2026-05-12T19:28:24.883+02:00  INFO 80615 --- [task-manager-api] [           main] c.t.api.controller.TaskController        : Task created successfully with id: 1
2026-05-12T19:28:24.884+02:00  INFO 80615 --- [task-manager-api] [           main] c.t.api.controller.TaskController        : GET /tasks/1 - retrieving task by id
2026-05-12T19:28:24.884+02:00  INFO 80615 --- [task-manager-api] [           main] c.t.api.controller.TaskController        : Task found with id: 1
]]></system-out>
  </testcase>
  <testcase name="updateTask_returns404_whenNotFound" classname="com.taskmanager.api.controller.TaskControllerTest" time="0.003">
    <system-out><![CDATA[2026-05-12T19:28:24.897+02:00  INFO 80615 --- [task-manager-api] [           main] c.t.api.controller.TaskController        : PUT /tasks/999 - updating task
2026-05-12T19:28:24.897+02:00 ERROR 80615 --- [task-manager-api] [           main] c.t.api.controller.TaskController        : Cannot update task - not found with id: 999
]]></system-out>
  </testcase>
  <testcase name="deleteTask_returns404_whenNotFound" classname="com.taskmanager.api.controller.TaskControllerTest" time="0.001">
    <system-out><![CDATA[2026-05-12T19:28:24.899+02:00  INFO 80615 --- [task-manager-api] [           main] c.t.api.controller.TaskController        : DELETE /tasks/999 - deleting task
2026-05-12T19:28:24.899+02:00 ERROR 80615 --- [task-manager-api] [           main] c.t.api.controller.TaskController        : Cannot delete task - not found with id: 999
]]></system-out>
  </testcase>
  <testcase name="createTask_returns201AndCreatedTask" classname="com.taskmanager.api.controller.TaskControllerTest" time="0.001">
    <system-out><![CDATA[2026-05-12T19:28:24.900+02:00  INFO 80615 --- [task-manager-api] [           main] c.t.api.controller.TaskController        : POST /tasks - creating task with title: Buy groceries
2026-05-12T19:28:24.900+02:00  INFO 80615 --- [task-manager-api] [           main] c.t.api.controller.TaskController        : Task created successfully with id: 1
]]></system-out>
  </testcase>
  <testcase name="completeTask_returns404_whenNotFound" classname="com.taskmanager.api.controller.TaskControllerTest" time="0.002">
    <system-out><![CDATA[2026-05-12T19:28:24.902+02:00  INFO 80615 --- [task-manager-api] [           main] c.t.api.controller.TaskController        : PUT /tasks/999/complete - marking task as completed
2026-05-12T19:28:24.902+02:00 ERROR 80615 --- [task-manager-api] [           main] c.t.api.controller.TaskController        : Cannot complete task - not found with id: 999
]]></system-out>
  </testcase>
  <testcase name="completeTask_returns200AndCompletedStatus" classname="com.taskmanager.api.controller.TaskControllerTest" time="0.002">
    <system-out><![CDATA[2026-05-12T19:28:24.904+02:00  INFO 80615 --- [task-manager-api] [           main] c.t.api.controller.TaskController        : POST /tasks - creating task with title: Write report
2026-05-12T19:28:24.904+02:00  INFO 80615 --- [task-manager-api] [           main] c.t.api.controller.TaskController        : Task created successfully with id: 1
2026-05-12T19:28:24.905+02:00  INFO 80615 --- [task-manager-api] [           main] c.t.api.controller.TaskController        : PUT /tasks/1/complete - marking task as completed
2026-05-12T19:28:24.905+02:00  INFO 80615 --- [task-manager-api] [           main] c.t.api.controller.TaskController        : Task 1 marked as COMPLETED
]]></system-out>
  </testcase>
  <testcase name="updateTask_returns200WithUpdatedFields" classname="com.taskmanager.api.controller.TaskControllerTest" time="0.002">
    <system-out><![CDATA[2026-05-12T19:28:24.906+02:00  INFO 80615 --- [task-manager-api] [           main] c.t.api.controller.TaskController        : POST /tasks - creating task with title: Old title
2026-05-12T19:28:24.906+02:00  INFO 80615 --- [task-manager-api] [           main] c.t.api.controller.TaskController        : Task created successfully with id: 1
2026-05-12T19:28:24.907+02:00  INFO 80615 --- [task-manager-api] [           main] c.t.api.controller.TaskController        : PUT /tasks/1 - updating task
2026-05-12T19:28:24.907+02:00  INFO 80615 --- [task-manager-api] [           main] c.t.api.controller.TaskController        : Task 1 updated successfully
]]></system-out>
  </testcase>
  <testcase name="createTask_assignsUniqueIds" classname="com.taskmanager.api.controller.TaskControllerTest" time="0.002">
    <system-out><![CDATA[2026-05-12T19:28:24.908+02:00  INFO 80615 --- [task-manager-api] [           main] c.t.api.controller.TaskController        : POST /tasks - creating task with title: Task One
2026-05-12T19:28:24.908+02:00  INFO 80615 --- [task-manager-api] [           main] c.t.api.controller.TaskController        : Task created successfully with id: 1
2026-05-12T19:28:24.909+02:00  INFO 80615 --- [task-manager-api] [           main] c.t.api.controller.TaskController        : POST /tasks - creating task with title: Task Two
2026-05-12T19:28:24.909+02:00  INFO 80615 --- [task-manager-api] [           main] c.t.api.controller.TaskController        : Task created successfully with id: 2
]]></system-out>
  </testcase>
  <testcase name="getTaskById_returns404_whenNotFound" classname="com.taskmanager.api.controller.TaskControllerTest" time="0.001">
    <system-out><![CDATA[2026-05-12T19:28:24.911+02:00  INFO 80615 --- [task-manager-api] [           main] c.t.api.controller.TaskController        : GET /tasks/999 - retrieving task by id
2026-05-12T19:28:24.911+02:00 ERROR 80615 --- [task-manager-api] [           main] c.t.api.controller.TaskController        : Task not found with id: 999
]]></system-out>
  </testcase>
  <testcase name="getAllTasks_returnsAllTasks" classname="com.taskmanager.api.controller.TaskControllerTest" time="0.009">
    <system-out><![CDATA[2026-05-12T19:28:24.912+02:00  INFO 80615 --- [task-manager-api] [           main] c.t.api.controller.TaskController        : POST /tasks - creating task with title: Task A
2026-05-12T19:28:24.912+02:00  INFO 80615 --- [task-manager-api] [           main] c.t.api.controller.TaskController        : Task created successfully with id: 1
2026-05-12T19:28:24.913+02:00  INFO 80615 --- [task-manager-api] [           main] c.t.api.controller.TaskController        : POST /tasks - creating task with title: Task B
2026-05-12T19:28:24.913+02:00  INFO 80615 --- [task-manager-api] [           main] c.t.api.controller.TaskController        : Task created successfully with id: 2
2026-05-12T19:28:24.914+02:00  INFO 80615 --- [task-manager-api] [           main] c.t.api.controller.TaskController        : GET /tasks - retrieving tasks, status filter: null
2026-05-12T19:28:24.914+02:00  INFO 80615 --- [task-manager-api] [           main] c.t.api.controller.TaskController        : Returning 2 task(s)
]]></system-out>
  </testcase>
  <testcase name="getAllTasks_filterByCompleted_returnsOnlyCompletedTasks" classname="com.taskmanager.api.controller.TaskControllerTest" time="0.006">
    <system-out><![CDATA[2026-05-12T19:28:24.922+02:00  INFO 80615 --- [task-manager-api] [           main] c.t.api.controller.TaskController        : POST /tasks - creating task with title: Task Alpha
2026-05-12T19:28:24.922+02:00  INFO 80615 --- [task-manager-api] [           main] c.t.api.controller.TaskController        : Task created successfully with id: 1
2026-05-12T19:28:24.924+02:00  INFO 80615 --- [task-manager-api] [           main] c.t.api.controller.TaskController        : POST /tasks - creating task with title: Task Beta
2026-05-12T19:28:24.924+02:00  INFO 80615 --- [task-manager-api] [           main] c.t.api.controller.TaskController        : Task created successfully with id: 2
2026-05-12T19:28:24.925+02:00  INFO 80615 --- [task-manager-api] [           main] c.t.api.controller.TaskController        : PUT /tasks/1/complete - marking task as completed
2026-05-12T19:28:24.925+02:00  INFO 80615 --- [task-manager-api] [           main] c.t.api.controller.TaskController        : Task 1 marked as COMPLETED
2026-05-12T19:28:24.926+02:00  INFO 80615 --- [task-manager-api] [           main] c.t.api.controller.TaskController        : GET /tasks - retrieving tasks, status filter: COMPLETED
2026-05-12T19:28:24.926+02:00  INFO 80615 --- [task-manager-api] [           main] c.t.api.controller.TaskController        : Returning 1 task(s)
]]></system-out>
  </testcase>
  <testcase name="deleteTask_returns204_whenDeleted" classname="com.taskmanager.api.controller.TaskControllerTest" time="0.002">
    <system-out><![CDATA[2026-05-12T19:28:24.928+02:00  INFO 80615 --- [task-manager-api] [           main] c.t.api.controller.TaskController        : POST /tasks - creating task with title: Task to delete
2026-05-12T19:28:24.928+02:00  INFO 80615 --- [task-manager-api] [           main] c.t.api.controller.TaskController        : Task created successfully with id: 1
2026-05-12T19:28:24.928+02:00  INFO 80615 --- [task-manager-api] [           main] c.t.api.controller.TaskController        : DELETE /tasks/1 - deleting task
2026-05-12T19:28:24.928+02:00  INFO 80615 --- [task-manager-api] [           main] c.t.api.controller.TaskController        : Task 1 deleted successfully
]]></system-out>
  </testcase>
  <testcase name="getAllTasks_filterByPending_returnsEmpty_whenAllCompleted" classname="com.taskmanager.api.controller.TaskControllerTest" time="0.002">
    <system-out><![CDATA[2026-05-12T19:28:24.930+02:00  INFO 80615 --- [task-manager-api] [           main] c.t.api.controller.TaskController        : POST /tasks - creating task with title: Only Task
2026-05-12T19:28:24.930+02:00  INFO 80615 --- [task-manager-api] [           main] c.t.api.controller.TaskController        : Task created successfully with id: 1
2026-05-12T19:28:24.930+02:00  INFO 80615 --- [task-manager-api] [           main] c.t.api.controller.TaskController        : PUT /tasks/1/complete - marking task as completed
2026-05-12T19:28:24.930+02:00  INFO 80615 --- [task-manager-api] [           main] c.t.api.controller.TaskController        : Task 1 marked as COMPLETED
2026-05-12T19:28:24.931+02:00  INFO 80615 --- [task-manager-api] [           main] c.t.api.controller.TaskController        : GET /tasks - retrieving tasks, status filter: PENDING
2026-05-12T19:28:24.931+02:00  INFO 80615 --- [task-manager-api] [           main] c.t.api.controller.TaskController        : Returning 0 task(s)
]]></system-out>
  </testcase>
  <testcase name="getAllTasks_returnsEmptyList_whenNoTasksExist" classname="com.taskmanager.api.controller.TaskControllerTest" time="0.001">
    <system-out><![CDATA[2026-05-12T19:28:24.932+02:00  INFO 80615 --- [task-manager-api] [           main] c.t.api.controller.TaskController        : GET /tasks - retrieving tasks, status filter: null
2026-05-12T19:28:24.932+02:00  INFO 80615 --- [task-manager-api] [           main] c.t.api.controller.TaskController        : Returning 0 task(s)
]]></system-out>
  </testcase>
  <testcase name="getAllTasks_filterByPending_returnsOnlyPendingTasks" classname="com.taskmanager.api.controller.TaskControllerTest" time="0.002">
    <system-out><![CDATA[2026-05-12T19:28:24.934+02:00  INFO 80615 --- [task-manager-api] [           main] c.t.api.controller.TaskController        : POST /tasks - creating task with title: Pending Task
2026-05-12T19:28:24.935+02:00  INFO 80615 --- [task-manager-api] [           main] c.t.api.controller.TaskController        : Task created successfully with id: 1
2026-05-12T19:28:24.935+02:00  INFO 80615 --- [task-manager-api] [           main] c.t.api.controller.TaskController        : POST /tasks - creating task with title: Done Task
2026-05-12T19:28:24.935+02:00  INFO 80615 --- [task-manager-api] [           main] c.t.api.controller.TaskController        : Task created successfully with id: 2
2026-05-12T19:28:24.935+02:00  INFO 80615 --- [task-manager-api] [           main] c.t.api.controller.TaskController        : PUT /tasks/2/complete - marking task as completed
2026-05-12T19:28:24.935+02:00  INFO 80615 --- [task-manager-api] [           main] c.t.api.controller.TaskController        : Task 2 marked as COMPLETED
2026-05-12T19:28:24.936+02:00  INFO 80615 --- [task-manager-api] [           main] c.t.api.controller.TaskController        : GET /tasks - retrieving tasks, status filter: PENDING
2026-05-12T19:28:24.936+02:00  INFO 80615 --- [task-manager-api] [           main] c.t.api.controller.TaskController        : Returning 1 task(s)
]]></system-out>
  </testcase>
</testsuite>